<?xml version="1.0" encoding="UTF-8"?>
<!-- Generated by org.testng.reporters.JUnitXMLReporter -->
<testsuite ignored="1" hostname="LAPTOP-PFU81U10" failures="0" tests="2" name="Car Loan" time="0.005" errors="0" timestamp="2024-09-10T12:55:32 IST">
  <testcase classname="test.day3" name="LoginAPICarLoan" time="0.001"/>
  <testcase classname="test.day3" name="webLoginCarLoan" time="0.001"/>
  <testcase classname="test.day3" name="MobileLoginCarLoan" time="0.0">
    <ignored/>
  </testcase> <!-- MobileLoginCarLoan -->
</testsuite> <!-- Car Loan -->
