<?xml version="1.0" encoding="UTF-8"?>
<!-- Generated by org.testng.reporters.JUnitXMLReporter -->
<testsuite ignored="0" hostname="LAPTOP-PFU81U10" failures="0" tests="5" name="Personal Loan" time="0.053" errors="0" timestamp="2024-09-10T12:55:32 IST">
  <testcase classname="test.day1" name="methodDisplayForDay1" time="0.013"/>
  <testcase classname="test.day2" name="methodDisplayForDay2" time="0.001"/>
  <testcase classname="test.day4" name="LoginAPIHomeLoan" time="0.001"/>
  <testcase classname="test.day4" name="MobileLoginHomeLoan" time="0.0"/>
  <testcase classname="test.day4" name="webLoginHomeLoan" time="0.001"/>
</testsuite> <!-- Personal Loan -->
