<?xml version="1.0" encoding="UTF-8"?>
<!-- Generated by org.testng.reporters.JUnitXMLReporter -->
<testsuite ignored="2" hostname="LAPTOP-PFU81U10" failures="0" tests="3" name="Car Loan" time="0.044" errors="0" timestamp="2024-09-11T15:22:08 IST">
  <testcase classname="test.day3" name="MobileLoginCarLoan" time="0.007"/>
  <testcase classname="test.day3" name="MobileLoginCarLoan" time="0.001"/>
  <testcase classname="test.day3" name="MobileLoginCarLoan" time="0.002"/>
  <testcase classname="test.day3" name="LoginAPICarLoan" time="0.0">
    <ignored/>
  </testcase> <!-- LoginAPICarLoan -->
  <testcase classname="test.day3" name="webLoginCarLoan" time="0.0">
    <ignored/>
  </testcase> <!-- webLoginCarLoan -->
</testsuite> <!-- Car Loan -->
