<?xml version="1.0" encoding="UTF-8"?>
<!-- Generated by org.testng.reporters.JUnitXMLReporter -->
<testsuite ignored="7" hostname="LAPTOP-PFU81U10" failures="0" tests="2" name="RegressionLevel" time="0.042" errors="0" timestamp="2024-09-10T19:32:50 IST">
  <testcase classname="test.day4" name="LoginAPIHomeLoan" time="0.01"/>
  <testcase classname="test.day4" name="webLoginHomeLoan" time="0.003"/>
  <testcase classname="test.day1" name="methodDisplayForDay1" time="0.0">
    <ignored/>
  </testcase> <!-- methodDisplayForDay1 -->
  <testcase classname="test.day2" name="methodDisplayForDay2" time="0.0">
    <ignored/>
  </testcase> <!-- methodDisplayForDay2 -->
  <testcase classname="test.day3" name="LoginAPICarLoan" time="0.0">
    <ignored/>
  </testcase> <!-- LoginAPICarLoan -->
  <testcase classname="test.day2" name="methodDisplayDuplicateForDay2" time="0.0">
    <ignored/>
  </testcase> <!-- methodDisplayDuplicateForDay2 -->
  <testcase classname="test.day3" name="webLoginCarLoan" time="0.0">
    <ignored/>
  </testcase> <!-- webLoginCarLoan -->
  <testcase classname="test.day3" name="MobileLoginCarLoan" time="0.0">
    <ignored/>
  </testcase> <!-- MobileLoginCarLoan -->
  <testcase classname="test.day4" name="MobileLoginHomeLoan" time="0.0">
    <ignored/>
  </testcase> <!-- MobileLoginHomeLoan -->
</testsuite> <!-- RegressionLevel -->
