<?xml version="1.0" encoding="UTF-8"?>
<testng-results ignored="0" total="2" passed="2" failed="0" skipped="0">
  <reporter-output>
  </reporter-output>
  <suite started-at="2024-09-11T16:39:39 IST" name="Default suite" finished-at="2024-09-11T16:39:40 IST" duration-ms="44">
    <groups>
    </groups>
    <test started-at="2024-09-11T16:39:39 IST" name="Default test" finished-at="2024-09-11T16:39:40 IST" duration-ms="44">
      <class name="test.PS1">
        <test-method is-config="true" signature="beforemethod()[pri:0, instance:test.PS1@30ee2816]" started-at="2024-09-11T16:39:39 IST" name="beforemethod" finished-at="2024-09-11T16:39:40 IST" duration-ms="4" status="PASS">
          <reporter-output>
          </reporter-output>
        </test-method> <!-- beforemethod -->
        <test-method signature="testRun()[pri:0, instance:test.PS1@30ee2816]" started-at="2024-09-11T16:39:40 IST" name="testRun" finished-at="2024-09-11T16:39:40 IST" duration-ms="7" status="PASS">
          <reporter-output>
          </reporter-output>
        </test-method> <!-- testRun -->
        <test-method signature="testRun2()[pri:0, instance:test.PS1@30ee2816]" started-at="2024-09-11T16:39:40 IST" name="testRun2" finished-at="2024-09-11T16:39:40 IST" duration-ms="3" status="PASS">
          <reporter-output>
          </reporter-output>
        </test-method> <!-- testRun2 -->
        <test-method is-config="true" signature="beforemethod()[pri:0, instance:test.PS1@30ee2816]" started-at="2024-09-11T16:39:40 IST" name="beforemethod" finished-at="2024-09-11T16:39:40 IST" duration-ms="0" status="PASS">
          <reporter-output>
          </reporter-output>
        </test-method> <!-- beforemethod -->
      </class> <!-- test.PS1 -->
    </test> <!-- Default test -->
  </suite> <!-- Default suite -->
</testng-results>
